01-Sep-2025 10:18:05.178 INFO [main] org.apache.catalina.startup.VersionLoggerListener.log 서버 버전 이름:    Apache Tomcat/10.1.44
01-Sep-2025 10:18:05.183 INFO [main] org.apache.catalina.startup.VersionLoggerListener.log Server 빌드 시각:  Aug 4 2025 13:14:17 UTC
01-Sep-2025 10:18:05.184 INFO [main] org.apache.catalina.startup.VersionLoggerListener.log Server 버전 번호:  10.1.44.0
01-Sep-2025 10:18:05.184 INFO [main] org.apache.catalina.startup.VersionLoggerListener.log 운영체제 이름:     Windows 11
01-Sep-2025 10:18:05.184 INFO [main] org.apache.catalina.startup.VersionLoggerListener.log 운영체제 버전:     10.0
01-Sep-2025 10:18:05.184 INFO [main] org.apache.catalina.startup.VersionLoggerListener.log 아키텍처:          amd64
01-Sep-2025 10:18:05.185 INFO [main] org.apache.catalina.startup.VersionLoggerListener.log 자바 홈:           C:\Program Files\Java\jdk-17.0.12
01-Sep-2025 10:18:05.185 INFO [main] org.apache.catalina.startup.VersionLoggerListener.log JVM 버전:          17.0.12+8-LTS-286
01-Sep-2025 10:18:05.185 INFO [main] org.apache.catalina.startup.VersionLoggerListener.log JVM 벤더:          Oracle Corporation
01-Sep-2025 10:18:05.185 INFO [main] org.apache.catalina.startup.VersionLoggerListener.log CATALINA_BASE:     C:\Users\KIMHANJAE2\Desktop\bootCamp\Chunjae_IT_BootCamp\WebServer\tomcat10
01-Sep-2025 10:18:05.185 INFO [main] org.apache.catalina.startup.VersionLoggerListener.log CATALINA_HOME:     C:\Users\KIMHANJAE2\Desktop\bootCamp\Chunjae_IT_BootCamp\WebServer\tomcat10
01-Sep-2025 10:18:05.192 INFO [main] org.apache.catalina.startup.VersionLoggerListener.log 명령 행 아규먼트:  -Dfile.encoding=UTF-8
01-Sep-2025 10:18:05.192 INFO [main] org.apache.catalina.startup.VersionLoggerListener.log 명령 행 아규먼트:  -Djava.util.logging.config.file=C:\Users\KIMHANJAE2\Desktop\bootCamp\Chunjae_IT_BootCamp\WebServer\tomcat10\conf\logging.properties
01-Sep-2025 10:18:05.193 INFO [main] org.apache.catalina.startup.VersionLoggerListener.log 명령 행 아규먼트:  -Djava.util.logging.manager=org.apache.juli.ClassLoaderLogManager
01-Sep-2025 10:18:05.193 INFO [main] org.apache.catalina.startup.VersionLoggerListener.log 명령 행 아규먼트:  -Djdk.tls.ephemeralDHKeySize=2048
01-Sep-2025 10:18:05.193 INFO [main] org.apache.catalina.startup.VersionLoggerListener.log 명령 행 아규먼트:  -Djava.protocol.handler.pkgs=org.apache.catalina.webresources
01-Sep-2025 10:18:05.193 INFO [main] org.apache.catalina.startup.VersionLoggerListener.log 명령 행 아규먼트:  -Dsun.io.useCanonCaches=false
01-Sep-2025 10:18:05.194 INFO [main] org.apache.catalina.startup.VersionLoggerListener.log 명령 행 아규먼트:  --add-opens=java.base/java.lang=ALL-UNNAMED
01-Sep-2025 10:18:05.194 INFO [main] org.apache.catalina.startup.VersionLoggerListener.log 명령 행 아규먼트:  --add-opens=java.base/java.lang.reflect=ALL-UNNAMED
01-Sep-2025 10:18:05.194 INFO [main] org.apache.catalina.startup.VersionLoggerListener.log 명령 행 아규먼트:  --add-opens=java.base/java.io=ALL-UNNAMED
01-Sep-2025 10:18:05.194 INFO [main] org.apache.catalina.startup.VersionLoggerListener.log 명령 행 아규먼트:  --add-opens=java.base/java.util=ALL-UNNAMED
01-Sep-2025 10:18:05.194 INFO [main] org.apache.catalina.startup.VersionLoggerListener.log 명령 행 아규먼트:  --add-opens=java.base/java.util.concurrent=ALL-UNNAMED
01-Sep-2025 10:18:05.195 INFO [main] org.apache.catalina.startup.VersionLoggerListener.log 명령 행 아규먼트:  --add-opens=java.rmi/sun.rmi.transport=ALL-UNNAMED
01-Sep-2025 10:18:05.195 INFO [main] org.apache.catalina.startup.VersionLoggerListener.log 명령 행 아규먼트:  -Dcatalina.base=C:\Users\KIMHANJAE2\Desktop\bootCamp\Chunjae_IT_BootCamp\WebServer\tomcat10
01-Sep-2025 10:18:05.195 INFO [main] org.apache.catalina.startup.VersionLoggerListener.log 명령 행 아규먼트:  -Dcatalina.home=C:\Users\KIMHANJAE2\Desktop\bootCamp\Chunjae_IT_BootCamp\WebServer\tomcat10
01-Sep-2025 10:18:05.195 INFO [main] org.apache.catalina.startup.VersionLoggerListener.log 명령 행 아규먼트:  -Djava.io.tmpdir=C:\Users\KIMHANJAE2\Desktop\bootCamp\Chunjae_IT_BootCamp\WebServer\tomcat10\temp
01-Sep-2025 10:18:05.198 INFO [main] org.apache.catalina.core.AprLifecycleListener.lifecycleEvent APR 버전 [1.7.6]을(를) 사용한, APR 기반 Apache Tomcat Native 라이브러리 [2.0.9]을(를) 로드했습니다.
01-Sep-2025 10:18:05.203 INFO [main] org.apache.catalina.core.AprLifecycleListener.initializeSSL OpenSSL이 성공적으로 초기화되었습니다: [OpenSSL 3.5.0 8 Apr 2025]
01-Sep-2025 10:18:05.378 INFO [main] org.apache.coyote.AbstractProtocol.init 프로토콜 핸들러 ["http-nio-8080"]을(를) 초기화합니다.
01-Sep-2025 10:18:05.401 INFO [main] org.apache.catalina.startup.Catalina.load [399] 밀리초 내에 서버가 초기화되었습니다.
01-Sep-2025 10:18:05.467 INFO [main] org.apache.catalina.core.StandardService.startInternal 서비스 [Catalina]을(를) 시작합니다.
01-Sep-2025 10:18:05.467 INFO [main] org.apache.catalina.core.StandardEngine.startInternal 서버 엔진을 시작합니다: [Apache Tomcat/10.1.44]
01-Sep-2025 10:18:05.481 INFO [main] org.apache.catalina.startup.HostConfig.deployDirectory 웹 애플리케이션 디렉토리 [C:\Users\KIMHANJAE2\Desktop\bootCamp\Chunjae_IT_BootCamp\WebServer\tomcat10\webapps\docs]을(를) 배치합니다.
01-Sep-2025 10:18:06.021 INFO [main] org.apache.jasper.servlet.TldScanner.scanJars 적어도 하나의 JAR가 TLD들을 찾기 위해 스캔되었으나 아무 것도 찾지 못했습니다. 스캔했으나 TLD가 없는 JAR들의 전체 목록을 보시려면, 로그 레벨을 디버그 레벨로 설정하십시오. 스캔 과정에서 불필요한 JAR들을 건너뛰면, 시스템 시작 시간과 JSP 컴파일 시간을 단축시킬 수 있습니다.
01-Sep-2025 10:18:06.143 INFO [main] org.apache.catalina.startup.HostConfig.deployDirectory 웹 애플리케이션 디렉토리 [C:\Users\KIMHANJAE2\Desktop\bootCamp\Chunjae_IT_BootCamp\WebServer\tomcat10\webapps\docs]에 대한 배치가 [662] 밀리초에 완료되었습니다.
01-Sep-2025 10:18:06.144 INFO [main] org.apache.catalina.startup.HostConfig.deployDirectory 웹 애플리케이션 디렉토리 [C:\Users\KIMHANJAE2\Desktop\bootCamp\Chunjae_IT_BootCamp\WebServer\tomcat10\webapps\examples]을(를) 배치합니다.
01-Sep-2025 10:18:06.723 INFO [main] org.apache.jasper.servlet.TldScanner.scanJars 적어도 하나의 JAR가 TLD들을 찾기 위해 스캔되었으나 아무 것도 찾지 못했습니다. 스캔했으나 TLD가 없는 JAR들의 전체 목록을 보시려면, 로그 레벨을 디버그 레벨로 설정하십시오. 스캔 과정에서 불필요한 JAR들을 건너뛰면, 시스템 시작 시간과 JSP 컴파일 시간을 단축시킬 수 있습니다.
01-Sep-2025 10:18:06.810 INFO [main] org.apache.catalina.startup.HostConfig.deployDirectory 웹 애플리케이션 디렉토리 [C:\Users\KIMHANJAE2\Desktop\bootCamp\Chunjae_IT_BootCamp\WebServer\tomcat10\webapps\examples]에 대한 배치가 [666] 밀리초에 완료되었습니다.
01-Sep-2025 10:18:06.811 INFO [main] org.apache.catalina.startup.HostConfig.deployDirectory 웹 애플리케이션 디렉토리 [C:\Users\KIMHANJAE2\Desktop\bootCamp\Chunjae_IT_BootCamp\WebServer\tomcat10\webapps\host-manager]을(를) 배치합니다.
01-Sep-2025 10:18:06.986 INFO [main] org.apache.jasper.servlet.TldScanner.scanJars 적어도 하나의 JAR가 TLD들을 찾기 위해 스캔되었으나 아무 것도 찾지 못했습니다. 스캔했으나 TLD가 없는 JAR들의 전체 목록을 보시려면, 로그 레벨을 디버그 레벨로 설정하십시오. 스캔 과정에서 불필요한 JAR들을 건너뛰면, 시스템 시작 시간과 JSP 컴파일 시간을 단축시킬 수 있습니다.
01-Sep-2025 10:18:07.002 INFO [main] org.apache.catalina.startup.HostConfig.deployDirectory 웹 애플리케이션 디렉토리 [C:\Users\KIMHANJAE2\Desktop\bootCamp\Chunjae_IT_BootCamp\WebServer\tomcat10\webapps\host-manager]에 대한 배치가 [191] 밀리초에 완료되었습니다.
01-Sep-2025 10:18:07.003 INFO [main] org.apache.catalina.startup.HostConfig.deployDirectory 웹 애플리케이션 디렉토리 [C:\Users\KIMHANJAE2\Desktop\bootCamp\Chunjae_IT_BootCamp\WebServer\tomcat10\webapps\manager]을(를) 배치합니다.
01-Sep-2025 10:18:07.145 INFO [main] org.apache.jasper.servlet.TldScanner.scanJars 적어도 하나의 JAR가 TLD들을 찾기 위해 스캔되었으나 아무 것도 찾지 못했습니다. 스캔했으나 TLD가 없는 JAR들의 전체 목록을 보시려면, 로그 레벨을 디버그 레벨로 설정하십시오. 스캔 과정에서 불필요한 JAR들을 건너뛰면, 시스템 시작 시간과 JSP 컴파일 시간을 단축시킬 수 있습니다.
01-Sep-2025 10:18:07.152 INFO [main] org.apache.catalina.startup.HostConfig.deployDirectory 웹 애플리케이션 디렉토리 [C:\Users\KIMHANJAE2\Desktop\bootCamp\Chunjae_IT_BootCamp\WebServer\tomcat10\webapps\manager]에 대한 배치가 [149] 밀리초에 완료되었습니다.
01-Sep-2025 10:18:07.153 INFO [main] org.apache.catalina.startup.HostConfig.deployDirectory 웹 애플리케이션 디렉토리 [C:\Users\KIMHANJAE2\Desktop\bootCamp\Chunjae_IT_BootCamp\WebServer\tomcat10\webapps\ROOT]을(를) 배치합니다.
01-Sep-2025 10:18:07.290 INFO [main] org.apache.jasper.servlet.TldScanner.scanJars 적어도 하나의 JAR가 TLD들을 찾기 위해 스캔되었으나 아무 것도 찾지 못했습니다. 스캔했으나 TLD가 없는 JAR들의 전체 목록을 보시려면, 로그 레벨을 디버그 레벨로 설정하십시오. 스캔 과정에서 불필요한 JAR들을 건너뛰면, 시스템 시작 시간과 JSP 컴파일 시간을 단축시킬 수 있습니다.
01-Sep-2025 10:18:07.297 INFO [main] org.apache.catalina.startup.HostConfig.deployDirectory 웹 애플리케이션 디렉토리 [C:\Users\KIMHANJAE2\Desktop\bootCamp\Chunjae_IT_BootCamp\WebServer\tomcat10\webapps\ROOT]에 대한 배치가 [143] 밀리초에 완료되었습니다.
01-Sep-2025 10:18:07.302 INFO [main] org.apache.coyote.AbstractProtocol.start 프로토콜 핸들러 ["http-nio-8080"]을(를) 시작합니다.
01-Sep-2025 10:18:07.386 INFO [main] org.apache.catalina.startup.Catalina.start 서버가 [1985] 밀리초 내에 시작되었습니다.
01-Sep-2025 10:18:18.170 INFO [Thread-1] org.apache.coyote.AbstractProtocol.pause 프로토콜 핸들러 ["http-nio-8080"]을(를) 일시 정지 중
01-Sep-2025 10:18:19.029 INFO [Thread-1] org.apache.catalina.core.StandardService.stopInternal 서비스 [Catalina]을(를) 중지시킵니다.
01-Sep-2025 10:18:19.062 INFO [Thread-1] org.apache.coyote.AbstractProtocol.stop 프로토콜 핸들러 ["http-nio-8080"]을(를) 중지시킵니다.
01-Sep-2025 10:18:19.069 INFO [Thread-1] org.apache.coyote.AbstractProtocol.destroy 프로토콜 핸들러 ["http-nio-8080"]을(를) 소멸시킵니다.
